== 2018-12-07 14:40:22 DEBUG 02_freq_warping_neural - <module>: Start training frequency warping ==
== 2018-12-07 14:43:15 DEBUG 02_freq_warping_neural - <module>: Start training frequency warping ==
== 2018-12-07 14:43:20 DEBUG 02_freq_warping_neural - <module>: Start training frequency warping ==
== 2018-12-07 14:45:25 DEBUG 02_freq_warping_neural - <module>: Start training frequency warping ==
== 2018-12-07 14:46:05 DEBUG 02_freq_warping_neural - <module>: Start training frequency warping ==
== 2018-12-07 14:54:05 DEBUG 02_freq_warping_neural - <module>: Start training frequency warping ==
== 2018-12-07 14:54:05 INFO 02_freq_warping_neural - train: Building architecture... ==
== 2018-12-07 14:54:05 INFO 02_freq_warping_neural - train: Reading data ... ==
== 2018-12-07 14:54:05 INFO 02_freq_warping_neural - io_read_data: Reading from SF12TF1_mfcc_25ms_10ms.pkl ==
== 2018-12-07 14:54:05 INFO 02_freq_warping_neural - train: START TRAINING ... MAX EPOCH: 20 ==
== 2018-12-07 14:54:06 DEBUG 02_freq_warping_neural - train: Epoch 0, step 0: loss: 26787.1875 ==
== 2018-12-07 14:54:06 DEBUG 02_freq_warping_neural - train: Epoch 0, step 50: loss: 5908.24169921875 ==
== 2018-12-07 14:54:07 DEBUG 02_freq_warping_neural - train: Epoch 0, step 100: loss: 1823.2286376953125 ==
== 2018-12-07 14:54:07 DEBUG 02_freq_warping_neural - train: Epoch 0, step 150: loss: 4669.79296875 ==
2018-12-07 14:55:44 DEBUG 02_freq_warping_neural - <module>: Start training frequency warping
2018-12-07 14:55:44 INFO 02_freq_warping_neural - train: Building architecture...
2018-12-07 14:55:44 INFO 02_freq_warping_neural - train: Reading data ...
2018-12-07 14:55:44 INFO 02_freq_warping_neural - io_read_data: Reading from SF12TF1_mfcc_25ms_10ms.pkl
2018-12-07 14:55:44 INFO 02_freq_warping_neural - train: START TRAINING ... MAX EPOCH: 20
2018-12-07 14:55:44 DEBUG 02_freq_warping_neural - train: Epoch 0, step 0: loss: 26787.51171875
2018-12-07 14:55:45 DEBUG 02_freq_warping_neural - train: Epoch 0, step 50: loss: 5892.8017578125
2018-12-07 14:55:46 DEBUG 02_freq_warping_neural - train: Epoch 0, step 100: loss: 1825.203857421875
2018-12-07 14:56:04 DEBUG 02_freq_warping_neural - <module>: Start training frequency warping
2018-12-07 14:56:04 INFO 02_freq_warping_neural - train: Building architecture...
2018-12-07 14:56:04 INFO 02_freq_warping_neural - train: Reading data ...
2018-12-07 14:56:04 INFO 02_freq_warping_neural - io_read_data: Reading from SF12TF1_mfcc_25ms_10ms.pkl
2018-12-07 14:56:04 INFO 02_freq_warping_neural - train: START TRAINING ... MAX EPOCH: 20
2018-12-07 14:56:04 DEBUG 02_freq_warping_neural - train: Epoch 0, step 0: loss: 26772.4296875
2018-12-07 14:57:00 DEBUG 02_freq_warping_neural - <module>: Start training frequency warping
2018-12-07 14:57:00 INFO 02_freq_warping_neural - train: Building architecture...
2018-12-07 14:57:00 INFO 02_freq_warping_neural - train: Reading data ...
2018-12-07 14:57:00 INFO 02_freq_warping_neural - io_read_data: Reading from SF12TF1_mfcc_25ms_10ms.pkl
2018-12-07 14:57:00 INFO 02_freq_warping_neural - train: START TRAINING ... MAX EPOCH: 20
2018-12-07 14:57:00 DEBUG 02_freq_warping_neural - train: Epoch 0, step 0: loss: 26782.1328125
2018-12-07 14:57:02 DEBUG 02_freq_warping_neural - train: Epoch 0, step 50: loss: 5905.7255859375
2018-12-07 14:57:02 DEBUG 02_freq_warping_neural - train: Epoch 0, step 100: loss: 1837.8204345703125
2018-12-07 14:57:33 DEBUG 02_freq_warping_neural - <module>: Start training frequency warping
2018-12-07 14:57:33 INFO 02_freq_warping_neural - train: Building architecture...
2018-12-07 14:57:33 INFO 02_freq_warping_neural - train: Reading data ...
2018-12-07 14:57:33 INFO 02_freq_warping_neural - io_read_data: Reading from SF12TF1_mfcc_25ms_10ms.pkl
2018-12-07 14:57:33 INFO 02_freq_warping_neural - train: START TRAINING ... MAX EPOCH: 20
2018-12-07 14:57:33 DEBUG 02_freq_warping_neural - train: Epoch 0, step 0: loss: 26783.26171875
